2022-07-05 16:19:07 [scrapy.utils.log] INFO: Scrapy 2.6.1 started (bot: nav)
2022-07-05 16:19:07 [scrapy.utils.log] INFO: Versions: lxml 4.8.0.0, libxml2 2.9.12, cssselect 1.1.0, parsel 1.6.0, w3lib 1.22.0, Twisted 22.4.0, Python 3.8.0b4 (tags/v3.8.0b4:d93605d, Aug 29 2019, 23:21:28) [MSC v.1916 64 bit (AMD64)], pyOpenSSL 22.0.0 (OpenSSL 3.0.3 3 May 2022), cryptography 37.0.2, Platform Windows-10-10.0.22000-SP0
2022-07-05 16:19:07 [scrapy.crawler] INFO: Overridden settings:
{'BOT_NAME': 'nav',
 'DOWNLOAD_DELAY': 2,
 'LOG_FILE': 'logs\\nav\\baozimh\\2022-07-05T16_18_58.log',
 'NEWSPIDER_MODULE': 'nav.spiders',
 'SPIDER_MODULES': ['nav.spiders']}
2022-07-05 16:19:07 [scrapy.utils.log] DEBUG: Using reactor: twisted.internet.selectreactor.SelectReactor
2022-07-05 16:19:07 [scrapy.extensions.telnet] INFO: Telnet Password: 3d705dced1246307
2022-07-05 16:19:07 [scrapy.middleware] INFO: Enabled extensions:
['scrapy.extensions.telnet.TelnetConsole',
 'scrapy.extensions.logstats.LogStats']
2022-07-05 16:19:07 [py.warnings] WARNING: e:\python\python38\lib\site-packages\scrapy\utils\project.py:81: ScrapyDeprecationWarning: Use of environment variables prefixed with SCRAPY_ to override settings is deprecated. The following environment variables are currently defined: EGG_VERSION, JOB, LOG_FILE, SLOT, SPIDER
  warnings.warn(

2022-07-05 16:19:07 [scrapy.middleware] INFO: Enabled downloader middlewares:
['scrapy.downloadermiddlewares.httpauth.HttpAuthMiddleware',
 'scrapy.downloadermiddlewares.downloadtimeout.DownloadTimeoutMiddleware',
 'scrapy.downloadermiddlewares.defaultheaders.DefaultHeadersMiddleware',
 'scrapy.downloadermiddlewares.useragent.UserAgentMiddleware',
 'scrapy.downloadermiddlewares.retry.RetryMiddleware',
 'scrapy.downloadermiddlewares.redirect.MetaRefreshMiddleware',
 'scrapy.downloadermiddlewares.httpcompression.HttpCompressionMiddleware',
 'scrapy.downloadermiddlewares.redirect.RedirectMiddleware',
 'scrapy.downloadermiddlewares.cookies.CookiesMiddleware',
 'scrapy.downloadermiddlewares.httpproxy.HttpProxyMiddleware',
 'scrapy.downloadermiddlewares.stats.DownloaderStats']
2022-07-05 16:19:07 [scrapy.middleware] INFO: Enabled spider middlewares:
['scrapy.spidermiddlewares.httperror.HttpErrorMiddleware',
 'scrapy.spidermiddlewares.offsite.OffsiteMiddleware',
 'scrapy.spidermiddlewares.referer.RefererMiddleware',
 'scrapy.spidermiddlewares.urllength.UrlLengthMiddleware',
 'scrapy.spidermiddlewares.depth.DepthMiddleware']
2022-07-05 16:19:07 [py.warnings] WARNING: e:\python\python38\lib\site-packages\scrapy\pipelines\media.py:135: ScrapyDeprecationWarning: file_path(self, request, response=None, info=None) is deprecated, please use file_path(self, request, response=None, info=None, *, item=None)
  self._check_signature(func)

2022-07-05 16:19:07 [scrapy.middleware] INFO: Enabled item pipelines:
['nav.pipelines.ImgsPipLine', 'nav.pipelines.MongodbPipeline']
2022-07-05 16:19:07 [scrapy.core.engine] INFO: Spider opened
2022-07-05 16:19:07 [scrapy.extensions.logstats] INFO: Crawled 0 pages (at 0 pages/min), scraped 0 items (at 0 items/min)
2022-07-05 16:19:07 [scrapy.extensions.telnet] INFO: Telnet console listening on 127.0.0.1:6023
2022-07-05 16:19:08 [scrapy.core.engine] DEBUG: Crawled (200) <GET https://cn.baozimh.com/search?q=%E6%AD%A6%E7%82%BC%E5%B7%85%E5%B3%B0> (referer: None)
2022-07-05 16:19:10 [scrapy.downloadermiddlewares.redirect] DEBUG: Redirecting (302) to <GET https://cn.baozimh.com/comic/wuliandianfeng-pikapi_b> from <GET https://cn.baozimh.com/comic/wuliandianfeng-pikapi>
2022-07-05 16:19:14 [scrapy.core.engine] DEBUG: Crawled (200) <GET https://cn.baozimh.com/comic/wuliandianfeng-pikapi_b> (referer: https://cn.baozimh.com/search?q=%E6%AD%A6%E7%82%BC%E5%B7%85%E5%B3%B0)
2022-07-05 16:19:14 [scrapy.core.engine] INFO: Closing spider (finished)
2022-07-05 16:19:14 [scrapy.statscollectors] INFO: Dumping Scrapy stats:
{'downloader/request_bytes': 1135,
 'downloader/request_count': 3,
 'downloader/request_method_count/GET': 3,
 'downloader/response_bytes': 82498,
 'downloader/response_count': 3,
 'downloader/response_status_count/200': 2,
 'downloader/response_status_count/302': 1,
 'httpcompression/response_bytes': 1087767,
 'httpcompression/response_count': 2,
 'log_count/DEBUG': 4,
 'log_count/INFO': 10,
 'log_count/WARNING': 2,
 'request_depth_max': 1,
 'scheduler/dequeued': 3,
 'scheduler/dequeued/memory': 3,
 'scheduler/enqueued': 3,
 'scheduler/enqueued/memory': 3}
2022-07-05 16:19:14 [scrapy.core.engine] INFO: Spider closed (finished)
