2022-06-27 23:16:43 [scrapy.utils.log] INFO: Scrapy 2.6.1 started (bot: nav)
2022-06-27 23:16:43 [scrapy.utils.log] INFO: Versions: lxml 4.8.0.0, libxml2 2.9.12, cssselect 1.1.0, parsel 1.6.0, w3lib 1.22.0, Twisted 22.4.0, Python 3.8.0b4 (tags/v3.8.0b4:d93605d, Aug 29 2019, 23:21:28) [MSC v.1916 64 bit (AMD64)], pyOpenSSL 22.0.0 (OpenSSL 3.0.3 3 May 2022), cryptography 37.0.2, Platform Windows-10-10.0.22000-SP0
2022-06-27 23:16:43 [scrapy.crawler] INFO: Overridden settings:
{'BOT_NAME': 'nav',
 'LOG_FILE': 'logs\\nav\\6cartoon\\237ed5d6f62c11ec97c5f4b3016a38ac.log',
 'NEWSPIDER_MODULE': 'nav.spiders',
 'SPIDER_MODULES': ['nav.spiders']}
2022-06-27 23:16:43 [scrapy.utils.log] DEBUG: Using reactor: twisted.internet.selectreactor.SelectReactor
2022-06-27 23:16:43 [scrapy.extensions.telnet] INFO: Telnet Password: 18be25d5ef0295f9
2022-06-27 23:16:43 [scrapy.middleware] INFO: Enabled extensions:
['scrapy.extensions.corestats.CoreStats',
 'scrapy.extensions.telnet.TelnetConsole',
 'scrapy.extensions.logstats.LogStats']
2022-06-27 23:16:43 [py.warnings] WARNING: e:\python\python38\lib\site-packages\scrapy\utils\project.py:81: ScrapyDeprecationWarning: Use of environment variables prefixed with SCRAPY_ to override settings is deprecated. The following environment variables are currently defined: JOB, LOG_FILE, SLOT, SPIDER
  warnings.warn(

2022-06-27 23:16:43 [scrapy.middleware] INFO: Enabled downloader middlewares:
['scrapy.downloadermiddlewares.httpauth.HttpAuthMiddleware',
 'scrapy.downloadermiddlewares.downloadtimeout.DownloadTimeoutMiddleware',
 'scrapy.downloadermiddlewares.defaultheaders.DefaultHeadersMiddleware',
 'scrapy.downloadermiddlewares.useragent.UserAgentMiddleware',
 'scrapy.downloadermiddlewares.retry.RetryMiddleware',
 'scrapy.downloadermiddlewares.redirect.MetaRefreshMiddleware',
 'scrapy.downloadermiddlewares.httpcompression.HttpCompressionMiddleware',
 'scrapy.downloadermiddlewares.redirect.RedirectMiddleware',
 'scrapy.downloadermiddlewares.cookies.CookiesMiddleware',
 'scrapy.downloadermiddlewares.httpproxy.HttpProxyMiddleware',
 'scrapy.downloadermiddlewares.stats.DownloaderStats']
2022-06-27 23:16:43 [scrapy.middleware] INFO: Enabled spider middlewares:
['scrapy.spidermiddlewares.httperror.HttpErrorMiddleware',
 'scrapy.spidermiddlewares.offsite.OffsiteMiddleware',
 'scrapy.spidermiddlewares.referer.RefererMiddleware',
 'scrapy.spidermiddlewares.urllength.UrlLengthMiddleware',
 'scrapy.spidermiddlewares.depth.DepthMiddleware']
2022-06-27 23:16:43 [twisted] CRITICAL: Unhandled error in Deferred:
2022-06-27 23:16:43 [twisted] CRITICAL: 
Traceback (most recent call last):
  File "e:\python\python38\lib\site-packages\twisted\internet\defer.py", line 1660, in _inlineCallbacks
    result = current_context.run(gen.send, result)
  File "e:\python\python38\lib\site-packages\scrapy\crawler.py", line 102, in crawl
    self.engine = self._create_engine()
  File "e:\python\python38\lib\site-packages\scrapy\crawler.py", line 116, in _create_engine
    return ExecutionEngine(self, lambda _: self.stop())
  File "e:\python\python38\lib\site-packages\scrapy\core\engine.py", line 84, in __init__
    self.scraper = Scraper(crawler)
  File "e:\python\python38\lib\site-packages\scrapy\core\scraper.py", line 75, in __init__
    self.itemproc = itemproc_cls.from_crawler(crawler)
  File "e:\python\python38\lib\site-packages\scrapy\middleware.py", line 59, in from_crawler
    return cls.from_settings(crawler.settings, crawler)
  File "e:\python\python38\lib\site-packages\scrapy\middleware.py", line 41, in from_settings
    mw = create_instance(mwcls, settings, crawler)
  File "e:\python\python38\lib\site-packages\scrapy\utils\misc.py", line 166, in create_instance
    instance = objcls.from_crawler(crawler, *args, **kwargs)
  File "e:\python\python38\lib\site-packages\scrapy\pipelines\media.py", line 76, in from_crawler
    pipe = cls.from_settings(crawler.settings)
  File "e:\python\python38\lib\site-packages\scrapy\pipelines\images.py", line 112, in from_settings
    return cls(store_uri, settings=settings)
  File "e:\python\python38\lib\site-packages\scrapy\pipelines\images.py", line 55, in __init__
    super().__init__(store_uri, settings=settings, download_func=download_func)
  File "e:\python\python38\lib\site-packages\scrapy\pipelines\files.py", line 329, in __init__
    self.store = self._get_store(store_uri)
  File "e:\python\python38\lib\site-packages\scrapy\pipelines\files.py", line 379, in _get_store
    return store_cls(uri)
  File "e:\python\python38\lib\site-packages\scrapy\pipelines\files.py", line 46, in __init__
    self._mkdir(self.basedir)
  File "e:\python\python38\lib\site-packages\scrapy\pipelines\files.py", line 75, in _mkdir
    os.makedirs(dirname)
  File "e:\python\python38\lib\os.py", line 211, in makedirs
    makedirs(head, exist_ok=exist_ok)
  File "e:\python\python38\lib\os.py", line 211, in makedirs
    makedirs(head, exist_ok=exist_ok)
  File "e:\python\python38\lib\os.py", line 221, in makedirs
    mkdir(name, mode)
FileNotFoundError: [WinError 3] 系统找不到指定的路径。: 'c:\\users\\gratefuls\\appdata\\local\\temp\\nav-1656341307-mhcpoz6_.egg\\static'
