2022-07-05 16:40:16 [scrapy.utils.log] INFO: Scrapy 2.6.1 started (bot: nav)
2022-07-05 16:40:16 [scrapy.utils.log] INFO: Versions: lxml 4.8.0.0, libxml2 2.9.12, cssselect 1.1.0, parsel 1.6.0, w3lib 1.22.0, Twisted 22.4.0, Python 3.8.0b4 (tags/v3.8.0b4:d93605d, Aug 29 2019, 23:21:28) [MSC v.1916 64 bit (AMD64)], pyOpenSSL 22.0.0 (OpenSSL 3.0.3 3 May 2022), cryptography 37.0.2, Platform Windows-10-10.0.22000-SP0
2022-07-05 16:40:16 [scrapy.crawler] INFO: Overridden settings:
{'BOT_NAME': 'nav',
 'DOWNLOAD_DELAY': 2,
 'LOG_FILE': 'logs\\nav\\6cartoon\\2022-07-05T16_40_13.log',
 'NEWSPIDER_MODULE': 'nav.spiders',
 'SPIDER_MODULES': ['nav.spiders']}
2022-07-05 16:40:16 [scrapy.utils.log] DEBUG: Using reactor: twisted.internet.selectreactor.SelectReactor
2022-07-05 16:40:16 [scrapy.extensions.telnet] INFO: Telnet Password: dff552a0433d1b8b
2022-07-05 16:40:16 [scrapy.middleware] INFO: Enabled extensions:
['scrapy.extensions.telnet.TelnetConsole',
 'scrapy.extensions.logstats.LogStats']
2022-07-05 16:40:16 [py.warnings] WARNING: e:\python\python38\lib\site-packages\scrapy\utils\project.py:81: ScrapyDeprecationWarning: Use of environment variables prefixed with SCRAPY_ to override settings is deprecated. The following environment variables are currently defined: EGG_VERSION, JOB, LOG_FILE, SLOT, SPIDER
  warnings.warn(

2022-07-05 16:40:17 [scrapy.middleware] INFO: Enabled downloader middlewares:
['scrapy.downloadermiddlewares.httpauth.HttpAuthMiddleware',
 'scrapy.downloadermiddlewares.downloadtimeout.DownloadTimeoutMiddleware',
 'scrapy.downloadermiddlewares.defaultheaders.DefaultHeadersMiddleware',
 'scrapy.downloadermiddlewares.useragent.UserAgentMiddleware',
 'scrapy.downloadermiddlewares.retry.RetryMiddleware',
 'scrapy.downloadermiddlewares.redirect.MetaRefreshMiddleware',
 'scrapy.downloadermiddlewares.httpcompression.HttpCompressionMiddleware',
 'scrapy.downloadermiddlewares.redirect.RedirectMiddleware',
 'scrapy.downloadermiddlewares.cookies.CookiesMiddleware',
 'scrapy.downloadermiddlewares.httpproxy.HttpProxyMiddleware',
 'scrapy.downloadermiddlewares.stats.DownloaderStats']
2022-07-05 16:40:17 [scrapy.middleware] INFO: Enabled spider middlewares:
['scrapy.spidermiddlewares.httperror.HttpErrorMiddleware',
 'scrapy.spidermiddlewares.offsite.OffsiteMiddleware',
 'scrapy.spidermiddlewares.referer.RefererMiddleware',
 'scrapy.spidermiddlewares.urllength.UrlLengthMiddleware',
 'scrapy.spidermiddlewares.depth.DepthMiddleware']
2022-07-05 16:40:17 [py.warnings] WARNING: e:\python\python38\lib\site-packages\scrapy\pipelines\media.py:135: ScrapyDeprecationWarning: file_path(self, request, response=None, info=None) is deprecated, please use file_path(self, request, response=None, info=None, *, item=None)
  self._check_signature(func)

2022-07-05 16:40:17 [scrapy.middleware] INFO: Enabled item pipelines:
['nav.pipelines.ImgsPipLine', 'nav.pipelines.MongodbPipeline']
2022-07-05 16:40:17 [scrapy.core.engine] INFO: Spider opened
2022-07-05 16:40:17 [scrapy.extensions.logstats] INFO: Crawled 0 pages (at 0 pages/min), scraped 0 items (at 0 items/min)
2022-07-05 16:40:17 [scrapy.extensions.telnet] INFO: Telnet console listening on 127.0.0.1:6023
2022-07-05 16:40:17 [scrapy.core.engine] DEBUG: Crawled (200) <GET http://www.sixmh7.com/rank/1-1.html> (referer: None)
2022-07-05 16:40:19 [scrapy.core.engine] DEBUG: Crawled (200) <GET http://www.sixmh7.com/rank/1-1.html> (referer: http://www.sixmh7.com/rank/1-1.html)
2022-07-05 16:40:21 [scrapy.core.engine] DEBUG: Crawled (200) <GET http://www.sixmh7.com/22560/> (referer: http://www.sixmh7.com/rank/1-1.html)
2022-07-05 16:40:24 [scrapy.core.engine] DEBUG: Crawled (200) <GET http://www.sixmh7.com/25267/> (referer: http://www.sixmh7.com/rank/1-1.html)
2022-07-05 16:40:27 [scrapy.core.engine] DEBUG: Crawled (200) <GET http://www.sixmh7.com/22449/> (referer: http://www.sixmh7.com/rank/1-1.html)
2022-07-05 16:40:29 [scrapy.core.engine] DEBUG: Crawled (200) <GET http://www.sixmh7.com/25130/> (referer: http://www.sixmh7.com/rank/1-1.html)
2022-07-05 16:40:31 [scrapy.core.engine] DEBUG: Crawled (200) <GET http://www.sixmh7.com/25113/> (referer: http://www.sixmh7.com/rank/1-1.html)
2022-07-05 16:40:34 [scrapy.core.engine] DEBUG: Crawled (200) <GET http://www.sixmh7.com/13017/> (referer: http://www.sixmh7.com/rank/1-1.html)
2022-07-05 16:40:36 [scrapy.core.engine] DEBUG: Crawled (200) <GET http://www.sixmh7.com/9845/> (referer: http://www.sixmh7.com/rank/1-1.html)
2022-07-05 16:40:39 [scrapy.core.engine] DEBUG: Crawled (200) <GET http://www.sixmh7.com/12780/> (referer: http://www.sixmh7.com/rank/1-1.html)
2022-07-05 16:40:42 [scrapy.core.engine] DEBUG: Crawled (200) <GET http://www.sixmh7.com/15194/> (referer: http://www.sixmh7.com/rank/1-1.html)
2022-07-05 16:40:44 [scrapy.core.engine] DEBUG: Crawled (200) <GET http://www.sixmh7.com/12670/> (referer: http://www.sixmh7.com/rank/1-1.html)
2022-07-05 16:40:47 [scrapy.core.engine] DEBUG: Crawled (200) <GET http://www.sixmh7.com/24364/> (referer: http://www.sixmh7.com/rank/1-1.html)
2022-07-05 16:40:50 [scrapy.core.engine] DEBUG: Crawled (200) <GET http://www.sixmh7.com/21370/> (referer: http://www.sixmh7.com/rank/1-1.html)
2022-07-05 16:40:52 [scrapy.core.engine] DEBUG: Crawled (200) <GET http://www.sixmh7.com/22311/> (referer: http://www.sixmh7.com/rank/1-1.html)
2022-07-05 16:40:54 [scrapy.core.engine] DEBUG: Crawled (200) <GET http://www.sixmh7.com/16177/> (referer: http://www.sixmh7.com/rank/1-1.html)
2022-07-05 16:40:57 [scrapy.core.engine] DEBUG: Crawled (200) <GET http://www.sixmh7.com/17105/> (referer: http://www.sixmh7.com/rank/1-1.html)
2022-07-05 16:41:00 [scrapy.core.engine] DEBUG: Crawled (200) <GET http://www.sixmh7.com/15605/> (referer: http://www.sixmh7.com/rank/1-1.html)
2022-07-05 16:41:03 [scrapy.core.engine] DEBUG: Crawled (200) <GET http://www.sixmh7.com/21609/> (referer: http://www.sixmh7.com/rank/1-1.html)
2022-07-05 16:41:06 [scrapy.core.engine] DEBUG: Crawled (200) <POST http://www.sixmh7.com/bookchapter/> (referer: http://www.sixmh7.com/22560/)
2022-07-05 16:41:08 [scrapy.core.engine] DEBUG: Crawled (200) <POST http://www.sixmh7.com/bookchapter/> (referer: http://www.sixmh7.com/25267/)
2022-07-05 16:41:08 [scrapy.core.engine] DEBUG: Crawled (200) <GET https://p3.byteimg.com/tos-cn-i-8gu37r9deh/4efd1e7cb7e1447ebe1d0ee9da8af185~noop.webp> (referer: None)
2022-07-05 16:41:08 [scrapy.pipelines.files] DEBUG: File (downloaded): Downloaded file from <GET https://p3.byteimg.com/tos-cn-i-8gu37r9deh/4efd1e7cb7e1447ebe1d0ee9da8af185~noop.webp> referred in <None>
2022-07-05 16:41:08 [PIL.Image] DEBUG: Importing BlpImagePlugin
2022-07-05 16:41:08 [PIL.Image] DEBUG: Importing BmpImagePlugin
2022-07-05 16:41:08 [PIL.Image] DEBUG: Importing BufrStubImagePlugin
2022-07-05 16:41:08 [PIL.Image] DEBUG: Importing CurImagePlugin
2022-07-05 16:41:08 [PIL.Image] DEBUG: Importing DcxImagePlugin
2022-07-05 16:41:08 [PIL.Image] DEBUG: Importing DdsImagePlugin
2022-07-05 16:41:08 [PIL.Image] DEBUG: Importing EpsImagePlugin
2022-07-05 16:41:08 [PIL.Image] DEBUG: Importing FitsImagePlugin
2022-07-05 16:41:08 [PIL.Image] DEBUG: Importing FitsStubImagePlugin
2022-07-05 16:41:08 [PIL.Image] DEBUG: Importing FliImagePlugin
2022-07-05 16:41:08 [PIL.Image] DEBUG: Importing FpxImagePlugin
2022-07-05 16:41:08 [PIL.Image] DEBUG: Image: failed to import FpxImagePlugin: No module named 'olefile'
2022-07-05 16:41:08 [PIL.Image] DEBUG: Importing FtexImagePlugin
2022-07-05 16:41:08 [PIL.Image] DEBUG: Importing GbrImagePlugin
2022-07-05 16:41:08 [PIL.Image] DEBUG: Importing GifImagePlugin
2022-07-05 16:41:08 [PIL.Image] DEBUG: Importing GribStubImagePlugin
2022-07-05 16:41:08 [PIL.Image] DEBUG: Importing Hdf5StubImagePlugin
2022-07-05 16:41:08 [PIL.Image] DEBUG: Importing IcnsImagePlugin
2022-07-05 16:41:08 [PIL.Image] DEBUG: Importing IcoImagePlugin
2022-07-05 16:41:08 [PIL.Image] DEBUG: Importing ImImagePlugin
2022-07-05 16:41:08 [PIL.Image] DEBUG: Importing ImtImagePlugin
2022-07-05 16:41:08 [PIL.Image] DEBUG: Importing IptcImagePlugin
2022-07-05 16:41:08 [PIL.Image] DEBUG: Importing JpegImagePlugin
2022-07-05 16:41:08 [PIL.Image] DEBUG: Importing Jpeg2KImagePlugin
2022-07-05 16:41:08 [PIL.Image] DEBUG: Importing McIdasImagePlugin
2022-07-05 16:41:08 [PIL.Image] DEBUG: Importing MicImagePlugin
2022-07-05 16:41:08 [PIL.Image] DEBUG: Image: failed to import MicImagePlugin: No module named 'olefile'
2022-07-05 16:41:08 [PIL.Image] DEBUG: Importing MpegImagePlugin
2022-07-05 16:41:08 [PIL.Image] DEBUG: Importing MpoImagePlugin
2022-07-05 16:41:08 [PIL.Image] DEBUG: Importing MspImagePlugin
2022-07-05 16:41:08 [PIL.Image] DEBUG: Importing PalmImagePlugin
2022-07-05 16:41:08 [PIL.Image] DEBUG: Importing PcdImagePlugin
2022-07-05 16:41:08 [PIL.Image] DEBUG: Importing PcxImagePlugin
2022-07-05 16:41:08 [PIL.Image] DEBUG: Importing PdfImagePlugin
2022-07-05 16:41:08 [PIL.Image] DEBUG: Importing PixarImagePlugin
2022-07-05 16:41:08 [PIL.Image] DEBUG: Importing PngImagePlugin
2022-07-05 16:41:08 [PIL.Image] DEBUG: Importing PpmImagePlugin
2022-07-05 16:41:08 [PIL.Image] DEBUG: Importing PsdImagePlugin
2022-07-05 16:41:08 [PIL.Image] DEBUG: Importing SgiImagePlugin
2022-07-05 16:41:08 [PIL.Image] DEBUG: Importing SpiderImagePlugin
2022-07-05 16:41:08 [PIL.Image] DEBUG: Importing SunImagePlugin
2022-07-05 16:41:08 [PIL.Image] DEBUG: Importing TgaImagePlugin
2022-07-05 16:41:08 [PIL.Image] DEBUG: Importing TiffImagePlugin
2022-07-05 16:41:08 [PIL.Image] DEBUG: Importing WebPImagePlugin
2022-07-05 16:41:08 [PIL.Image] DEBUG: Importing WmfImagePlugin
2022-07-05 16:41:08 [PIL.Image] DEBUG: Importing XbmImagePlugin
2022-07-05 16:41:08 [PIL.Image] DEBUG: Importing XpmImagePlugin
2022-07-05 16:41:08 [PIL.Image] DEBUG: Importing XVThumbImagePlugin
2022-07-05 16:41:08 [scrapy.core.scraper] DEBUG: Scraped from <200 http://www.sixmh7.com/bookchapter/>
{'LChapters': {'chapterId': '1380672',
               'name': '177 一个都走不了',
               'updateTime': 1656950400.0,
               'url': 'http://www.sixmh7.com/25267/1380672.html'},
 'author': '阅文漫画',
 'cartoonId': '25267',
 'ceye': 0,
 'cheart': 0,
 'classify': ['冒险', '热血'],
 'commentNum': 0,
 'crawlLength': 178,
 'createTime': 1657010424705.3074,
 'desc': '林逸在被公司辞退后，阴差阳错得到全职业体验系统，林逸依靠系统给予的种种职业安排和丰厚奖励一步一步成就自己的野心与富豪之路，成为称霸全球的终极全能大佬。',
 'keywords': ['系统 逆袭'],
 'puTime': 0,
 'sbelong': 1,
 'sourceHref': ['http://www.sixmh7.com/25267/'],
 'state': 0,
 'thum': '4efd1e7cb7e1447ebe1d0ee9da8af185~noop.webp',
 'title': '摊牌了，我全职业系统！',
 'weight': 1}
2022-07-05 16:41:11 [scrapy.core.engine] DEBUG: Crawled (200) <POST http://www.sixmh7.com/bookchapter/> (referer: http://www.sixmh7.com/22449/)
2022-07-05 16:41:13 [scrapy.core.engine] DEBUG: Crawled (200) <POST http://www.sixmh7.com/bookchapter/> (referer: http://www.sixmh7.com/25130/)
2022-07-05 16:41:16 [scrapy.core.engine] DEBUG: Crawled (200) <POST http://www.sixmh7.com/bookchapter/> (referer: http://www.sixmh7.com/25113/)
2022-07-05 16:41:16 [scrapy.core.engine] DEBUG: Crawled (200) <GET https://p3.byteimg.com/tos-cn-i-8gu37r9deh/1f53a94772914f4e8f60812fa2172c77~noop.jpg> (referer: None)
2022-07-05 16:41:16 [scrapy.pipelines.files] DEBUG: File (downloaded): Downloaded file from <GET https://p3.byteimg.com/tos-cn-i-8gu37r9deh/1f53a94772914f4e8f60812fa2172c77~noop.jpg> referred in <None>
2022-07-05 16:41:16 [scrapy.core.scraper] DEBUG: Scraped from <200 http://www.sixmh7.com/bookchapter/>
{'LChapters': {'chapterId': '1376237',
               'name': '77、花钱最能解决问题',
               'updateTime': 1655222400.0,
               'url': 'http://www.sixmh7.com/25113/1376237.html'},
 'author': '17K漫画 x 韩铮 x 绘漫动漫',
 'cartoonId': '25113',
 'ceye': 0,
 'cheart': 0,
 'classify': ['武侠格斗'],
 'commentNum': 0,
 'crawlLength': 79,
 'createTime': 1657010431904.6042,
 'desc': '【每周三、六更新】一代剑神，热血重生！据中文在线集团旗下17K小说网同名作品改编。剑尘转世来到充满奇幻色彩的未知世界，降生豪门，天赋极强，却因修习中得罪权贵，被迫远走他乡，开启混沌之体修炼......\r\n'
         '欢迎加入官方粉丝群【QQ：883681896】',
 'keywords': ['热血 玄幻 古风'],
 'puTime': 0,
 'sbelong': 1,
 'sourceHref': ['http://www.sixmh7.com/25113/'],
 'state': 0,
 'thum': '1f53a94772914f4e8f60812fa2172c77~noop.jpg',
 'title': '混沌剑神',
 'weight': 1}
2022-07-05 16:41:17 [scrapy.extensions.logstats] INFO: Crawled 0 pages (at 0 pages/min), scraped 0 items (at 0 items/min)
2022-07-05 16:41:18 [scrapy.core.engine] DEBUG: Crawled (200) <POST http://www.sixmh7.com/bookchapter/> (referer: http://www.sixmh7.com/13017/)
2022-07-05 16:41:21 [scrapy.core.engine] DEBUG: Crawled (200) <POST http://www.sixmh7.com/bookchapter/> (referer: http://www.sixmh7.com/9845/)
2022-07-05 16:41:24 [scrapy.core.engine] DEBUG: Crawled (200) <POST http://www.sixmh7.com/bookchapter/> (referer: http://www.sixmh7.com/12780/)
2022-07-05 16:41:26 [scrapy.core.engine] DEBUG: Crawled (200) <POST http://www.sixmh7.com/bookchapter/> (referer: http://www.sixmh7.com/15194/)
2022-07-05 16:41:26 [scrapy.core.engine] DEBUG: Crawled (200) <GET https://p3.byteimg.com/origin/1373500002fcd085a020a> (referer: None)
2022-07-05 16:41:26 [scrapy.pipelines.files] DEBUG: File (downloaded): Downloaded file from <GET https://p3.byteimg.com/origin/1373500002fcd085a020a> referred in <None>
2022-07-05 16:41:26 [scrapy.core.scraper] DEBUG: Scraped from <200 http://www.sixmh7.com/bookchapter/>
{'LChapters': {'chapterId': '1381066',
               'name': '第515话 抵挡神明',
               'updateTime': 1656864000.0,
               'url': 'http://www.sixmh7.com/15194/1381066.html'},
 'author': '延强动漫 仟绘动漫',
 'cartoonId': '15194',
 'ceye': 0,
 'cheart': 0,
 'classify': ['武侠格斗'],
 'commentNum': 0,
 'crawlLength': 527,
 'createTime': 1657010442301.0845,
 'desc': '《逆天邪神》是由延强动漫 '
         '仟绘动漫主笔连载的网络漫画。漫画讲述了一代天才玄脉受损成为废物，家族摒弃，世人嘲笑，甚至新婚之夜遭人毒害……玄天至宝，轮回镜现，逆天改命，重启人生，带着仇恨与遗憾，誓要登顶力量的巅峰！\r\n',
 'keywords': ['["热血""后宫""玄'],
 'puTime': 0,
 'sbelong': 1,
 'sourceHref': ['http://www.sixmh7.com/15194/'],
 'state': 0,
 'thum': '1373500002fcd085a020a.jpg',
 'title': '逆天邪神',
 'weight': 1}
2022-07-05 16:41:28 [scrapy.core.engine] DEBUG: Crawled (200) <POST http://www.sixmh7.com/bookchapter/> (referer: http://www.sixmh7.com/12670/)
2022-07-05 16:41:32 [scrapy.core.engine] DEBUG: Crawled (200) <POST http://www.sixmh7.com/bookchapter/> (referer: http://www.sixmh7.com/24364/)
2022-07-05 16:41:32 [scrapy.core.engine] DEBUG: Crawled (200) <GET https://p3.byteimg.com/origin/pgc-image/e63a0380a7684c49b3435f267773d9a6> (referer: None)
2022-07-05 16:41:32 [scrapy.pipelines.files] DEBUG: File (downloaded): Downloaded file from <GET https://p3.byteimg.com/origin/pgc-image/e63a0380a7684c49b3435f267773d9a6> referred in <None>
2022-07-05 16:41:32 [scrapy.core.scraper] DEBUG: Scraped from <200 http://www.sixmh7.com/bookchapter/>
{'LChapters': {'chapterId': '1380712',
               'name': '187 因嫉生恨的杀心',
               'updateTime': 1656950400.0,
               'url': 'http://www.sixmh7.com/24364/1380712.html'},
 'author': '阅文漫画',
 'cartoonId': '24364',
 'ceye': 0,
 'cheart': 0,
 'classify': ['冒险', '热血'],
 'commentNum': 0,
 'crawlLength': 193,
 'createTime': 1657010447793.3037,
 'desc': '天才剑修祝明朗为救同伴苍龙白岂变成废人，成为落魄少年，阴差阳错下，却与女武神黎云姿一夜相欢。而后敌人驭龙而来，熊熊龙炎将荒城池吞没，只为杀落魄祝明朗泄愤。祝明朗死里逃生，化身为牧龙师，开启了自己的传奇之路。',
 'keywords': ['玄幻'],
 'puTime': 0,
 'sbelong': 1,
 'sourceHref': ['http://www.sixmh7.com/24364/'],
 'state': 0,
 'thum': 'e63a0380a7684c49b3435f267773d9a6.jpg',
 'title': '牧龙师',
 'weight': 1}
2022-07-05 16:41:34 [scrapy.core.engine] DEBUG: Crawled (200) <POST http://www.sixmh7.com/bookchapter/> (referer: http://www.sixmh7.com/21370/)
2022-07-05 16:41:35 [scrapy.core.engine] DEBUG: Crawled (200) <GET https://p3.byteimg.com/origin/fee4000093dbe6516f28> (referer: None)
2022-07-05 16:41:35 [scrapy.pipelines.files] DEBUG: File (downloaded): Downloaded file from <GET https://p3.byteimg.com/origin/fee4000093dbe6516f28> referred in <None>
2022-07-05 16:41:35 [scrapy.core.scraper] DEBUG: Scraped from <200 http://www.sixmh7.com/bookchapter/>
{'LChapters': {'chapterId': '1325086',
               'name': '《与神一同升级》即将上线！',
               'updateTime': 1642176000.0,
               'url': 'http://www.sixmh7.com/21370/1325086.html'},
 'author': 'DUBU(主笔)   Chugong（原著）',
 'cartoonId': '21370',
 'ceye': 0,
 'cheart': 0,
 'classify': ['生活漫画'],
 'commentNum': 0,
 'crawlLength': 188,
 'createTime': 1657010450411.29,
 'desc': '《我独自升级》漫画已由来自国漫的大触作者DUBU(主笔)   '
         'Chugong（原著）连载爆肝更新，漫画讲述了10年前，世界与其他次元连接的“门”被打开，各种魔物不断出现，于是乎能力各异的猎魔者也随之出现，被成为“猎人”。程肖宇是一名实力最弱的E级猎人，在一次挑战任务中，遇到了可怕的隐藏挑战。生死存亡之际，他居然获得了升级系统！在系统的利用下，他能成为最强猎人吗 \r\n',
 'keywords': ['奇幻'],
 'puTime': 0,
 'sbelong': 1,
 'sourceHref': ['http://www.sixmh7.com/21370/'],
 'state': 0,
 'thum': 'fee4000093dbe6516f28.jpg',
 'title': '我独自升级',
 'weight': 1}
2022-07-05 16:41:37 [scrapy.core.engine] DEBUG: Crawled (200) <POST http://www.sixmh7.com/bookchapter/> (referer: http://www.sixmh7.com/22311/)
2022-07-05 16:41:37 [scrapy.core.engine] DEBUG: Crawled (200) <GET https://p3.byteimg.com/origin/febc00013e903d57ad6e> (referer: None)
2022-07-05 16:41:37 [scrapy.pipelines.files] DEBUG: File (downloaded): Downloaded file from <GET https://p3.byteimg.com/origin/febc00013e903d57ad6e> referred in <None>
2022-07-05 16:41:37 [scrapy.core.scraper] DEBUG: Scraped from <200 http://www.sixmh7.com/bookchapter/>
{'LChapters': {'chapterId': '1085965',
               'name': '第221话',
               'updateTime': 1588953600.0,
               'url': 'http://www.sixmh7.com/22311/1085965.html'},
 'author': '麟角工作室',
 'cartoonId': '22311',
 'ceye': 0,
 'cheart': 0,
 'classify': ['耽美爱情'],
 'commentNum': 0,
 'crawlLength': 221,
 'createTime': 1657010452611.323,
 'desc': '一位普通青年如何从平凡走向不平凡、从低谷登上巅峰的热血争霸历程。上官秀上官家第十六代传人他千变万化，样貌如鬼他来无影去无踪，形迹如鬼他心思狡黠反复无常，性情如鬼机缘巧合得到上古禁武随机变，也无意中发现了家传禁武灵魄吞噬的正确修炼方式，从此改变了自己的一生。',
 'keywords': ['少年 热血 玄幻'],
 'puTime': 0,
 'sbelong': 1,
 'sourceHref': ['http://www.sixmh7.com/22311/'],
 'state': 0,
 'thum': 'febc00013e903d57ad6e.jpg',
 'title': '风神传说',
 'weight': 1}
2022-07-05 16:41:39 [scrapy.core.engine] DEBUG: Crawled (200) <POST http://www.sixmh7.com/bookchapter/> (referer: http://www.sixmh7.com/16177/)
2022-07-05 16:41:42 [scrapy.core.engine] DEBUG: Crawled (200) <POST http://www.sixmh7.com/bookchapter/> (referer: http://www.sixmh7.com/17105/)
2022-07-05 16:41:42 [scrapy.core.engine] DEBUG: Crawled (200) <GET https://p3.byteimg.com/origin/ff320000ee3e301ca519> (referer: None)
2022-07-05 16:41:42 [scrapy.pipelines.files] DEBUG: File (downloaded): Downloaded file from <GET https://p3.byteimg.com/origin/ff320000ee3e301ca519> referred in <None>
2022-07-05 16:41:42 [scrapy.core.scraper] DEBUG: Scraped from <200 http://www.sixmh7.com/bookchapter/>
{'LChapters': {'chapterId': '1380725',
               'name': '第534话 围攻',
               'updateTime': 1656950400.0,
               'url': 'http://www.sixmh7.com/17105/1380725.html'},
 'author': '噼咔噼',
 'cartoonId': '17105',
 'ceye': 0,
 'cheart': 0,
 'classify': ['生活漫画'],
 'commentNum': 0,
 'crawlLength': 534,
 'createTime': 1657010457570.3074,
 'desc': '被自己信任的人背叛并不是一件好受的事情，尤其是他们还将他置于死地。死亡的痛苦并没有到来，莫南睁开眼反而发现自己回到了高中时代！而且身上还出现了些奇怪的东西...重活一世，他再也不会放开自己曾经珍视的人...',
 'keywords': ['热血 玄幻 古风'],
 'puTime': 0,
 'sbelong': 1,
 'sourceHref': ['http://www.sixmh7.com/17105/'],
 'state': 0,
 'thum': 'ff320000ee3e301ca519.jpg',
 'title': '我身上有条龙',
 'weight': 1}
2022-07-05 16:41:44 [scrapy.core.engine] DEBUG: Crawled (200) <POST http://www.sixmh7.com/bookchapter/> (referer: http://www.sixmh7.com/15605/)
2022-07-05 16:41:44 [scrapy.core.engine] DEBUG: Crawled (200) <GET https://p3.byteimg.com/origin/ff94000181fbfe12e4a3> (referer: None)
2022-07-05 16:41:44 [scrapy.pipelines.files] DEBUG: File (downloaded): Downloaded file from <GET https://p3.byteimg.com/origin/ff94000181fbfe12e4a3> referred in <None>
2022-07-05 16:41:45 [scrapy.core.scraper] DEBUG: Scraped from <200 http://www.sixmh7.com/bookchapter/>
{'LChapters': {'chapterId': '1380470',
               'name': '377- 早有预料',
               'updateTime': 1656777600.0,
               'url': 'http://www.sixmh7.com/15605/1380470.html'},
 'author': '拾部次元',
 'cartoonId': '15605',
 'ceye': 0,
 'cheart': 0,
 'classify': None,
 'commentNum': 0,
 'crawlLength': 404,
 'createTime': 1657010460543.2944,
 'desc': '《我老婆是魔王大人》是由拾部次元主笔连载的网络漫画。漫画讲述了高能预警！我和女魔王的同居生活！\r\n',
 'keywords': ['冒险 玄幻 穿越'],
 'puTime': 0,
 'sbelong': 1,
 'sourceHref': ['http://www.sixmh7.com/15605/'],
 'state': 0,
 'thum': 'ff94000181fbfe12e4a3.jpg',
 'title': '我老婆是魔王大人',
 'weight': 1}
2022-07-05 16:41:47 [scrapy.core.engine] DEBUG: Crawled (200) <POST http://www.sixmh7.com/bookchapter/> (referer: http://www.sixmh7.com/21609/)
2022-07-05 16:41:47 [scrapy.core.engine] DEBUG: Crawled (200) <GET http://p3.byteimg.com/large/pgc-image/a612f25e4826489c8e687409b8343498> (referer: None)
2022-07-05 16:41:47 [scrapy.pipelines.files] DEBUG: File (downloaded): Downloaded file from <GET http://p3.byteimg.com/large/pgc-image/a612f25e4826489c8e687409b8343498> referred in <None>
2022-07-05 16:41:47 [scrapy.core.scraper] DEBUG: Scraped from <200 http://www.sixmh7.com/bookchapter/>
{'LChapters': {'chapterId': '1380253',
               'name': '285-成为长老',
               'updateTime': 1656691200.0,
               'url': 'http://www.sixmh7.com/21609/1380253.html'},
 'author': '火星动漫',
 'cartoonId': '21609',
 'ceye': 0,
 'cheart': 0,
 'classify': ['冒险', '热血'],
 'commentNum': 0,
 'crawlLength': 284,
 'createTime': 1657010463272.474,
 'desc': '天才少年古云，因为被上古神族中下神印，导致灵力减弱，成为青山门公认的废物，被贬为杂役。\r\n'
         '父亲因此被牵连，废除族长之位，囚禁在敌人飞卢家族的天牢里。\r\n'
         '这时古云发现了自己身上隐藏的秘密，并且跟古神达成合作协议。',
 'keywords': ['玄幻 异能'],
 'puTime': 0,
 'sbelong': 1,
 'sourceHref': ['http://www.sixmh7.com/21609/'],
 'state': 0,
 'thum': 'a612f25e4826489c8e687409b8343498.jpg',
 'title': '混沌丹神',
 'weight': 1}
2022-07-05 16:41:50 [scrapy.core.engine] DEBUG: Crawled (200) <GET http://www.sixmh7.com/22560/1380403.html> (referer: http://www.sixmh7.com/bookchapter/)
2022-07-05 16:41:56 [scrapy.core.engine] DEBUG: Crawled (200) <GET https://p3.byteimg.com/tos-cn-i-8gu37r9deh/0f5de776e91b46d8acf3a3626507a44f~noop.jpg> (referer: None)
2022-07-05 16:41:56 [scrapy.pipelines.files] DEBUG: File (downloaded): Downloaded file from <GET https://p3.byteimg.com/tos-cn-i-8gu37r9deh/0f5de776e91b46d8acf3a3626507a44f~noop.jpg> referred in <None>
2022-07-05 16:41:56 [scrapy.core.engine] DEBUG: Crawled (200) <GET http://www.sixmh7.com/25267/1380672.html> (referer: http://www.sixmh7.com/bookchapter/)
2022-07-05 16:41:59 [scrapy.core.engine] DEBUG: Crawled (200) <GET http://www.sixmh7.com/22449/1380709.html> (referer: http://www.sixmh7.com/bookchapter/)
2022-07-05 16:41:59 [scrapy.core.engine] DEBUG: Crawled (200) <GET https://p3.byteimg.com/tos-cn-i-8gu37r9deh/f2f46e190bfb46898ca3d8fd81fd5d64~noop.jpg> (referer: None)
2022-07-05 16:41:59 [scrapy.pipelines.files] DEBUG: File (downloaded): Downloaded file from <GET https://p3.byteimg.com/tos-cn-i-8gu37r9deh/f2f46e190bfb46898ca3d8fd81fd5d64~noop.jpg> referred in <None>
2022-07-05 16:42:01 [scrapy.core.engine] DEBUG: Crawled (200) <GET https://p3.byteimg.com/tos-cn-i-8gu37r9deh/f3a7b7dd9540404a8561e07b6dffbcb5~noop.jpg> (referer: None)
2022-07-05 16:42:01 [scrapy.pipelines.files] DEBUG: File (downloaded): Downloaded file from <GET https://p3.byteimg.com/tos-cn-i-8gu37r9deh/f3a7b7dd9540404a8561e07b6dffbcb5~noop.jpg> referred in <None>
2022-07-05 16:42:02 [scrapy.core.engine] DEBUG: Crawled (200) <GET http://www.sixmh7.com/25130/1380428.html> (referer: http://www.sixmh7.com/bookchapter/)
2022-07-05 16:42:03 [scrapy.core.engine] DEBUG: Crawled (200) <GET https://p3.byteimg.com/tos-cn-i-8gu37r9deh/c5a9863872044bb7919157a51de1c070~noop.jpg> (referer: None)
2022-07-05 16:42:03 [scrapy.pipelines.files] DEBUG: File (downloaded): Downloaded file from <GET https://p3.byteimg.com/tos-cn-i-8gu37r9deh/c5a9863872044bb7919157a51de1c070~noop.jpg> referred in <None>
2022-07-05 16:42:04 [scrapy.core.engine] DEBUG: Crawled (200) <GET http://www.sixmh7.com/25113/1376237.html> (referer: http://www.sixmh7.com/bookchapter/)
2022-07-05 16:42:06 [scrapy.core.engine] DEBUG: Crawled (200) <GET https://p3.byteimg.com/tos-cn-i-8gu37r9deh/e31e721026cd4db9bf989b48940e67e7~noop.jpg> (referer: None)
2022-07-05 16:42:06 [scrapy.pipelines.files] DEBUG: File (downloaded): Downloaded file from <GET https://p3.byteimg.com/tos-cn-i-8gu37r9deh/e31e721026cd4db9bf989b48940e67e7~noop.jpg> referred in <None>
2022-07-05 16:42:06 [scrapy.core.engine] DEBUG: Crawled (200) <GET http://www.sixmh7.com/13017/1380614.html> (referer: http://www.sixmh7.com/bookchapter/)
2022-07-05 16:42:09 [scrapy.core.engine] DEBUG: Crawled (200) <GET https://p3.byteimg.com/tos-cn-i-8gu37r9deh/458fa0d7f1e8406198f033ac4584af47~noop.jpg> (referer: None)
2022-07-05 16:42:09 [scrapy.pipelines.files] DEBUG: File (downloaded): Downloaded file from <GET https://p3.byteimg.com/tos-cn-i-8gu37r9deh/458fa0d7f1e8406198f033ac4584af47~noop.jpg> referred in <None>
2022-07-05 16:42:09 [scrapy.core.engine] DEBUG: Crawled (200) <GET http://www.sixmh7.com/9845/1380190.html> (referer: http://www.sixmh7.com/bookchapter/)
2022-07-05 16:42:10 [scrapy.core.engine] DEBUG: Crawled (200) <GET https://p3.byteimg.com/tos-cn-i-8gu37r9deh/fafda6f88499416b932a30b0b68552f6~noop.jpg> (referer: None)
2022-07-05 16:42:10 [scrapy.pipelines.files] DEBUG: File (downloaded): Downloaded file from <GET https://p3.byteimg.com/tos-cn-i-8gu37r9deh/fafda6f88499416b932a30b0b68552f6~noop.jpg> referred in <None>
